Unity Editor version:    2020.3.22f1 (e1a7f79fd887)
Branch:                  2020.3/staging
Build type:              Release
Batch mode:              YES
macOS version:           Version 12.0.1 (Build 21A559)
Darwin version:          21.1.0
Architecture:            x86_64
Running under Rosetta:   NO
Available memory:        8192 MB
Using pre-set license
Pro License: NO

COMMAND LINE ARGUMENTS:
/Volumes/Anna Drive/Unity/2020.3.22f1/Unity.app/Contents/MacOS/Unity
-adb2
-batchMode
-noUpm
-name
AssetImportWorker0
-projectPath
/Users/anna/Documents/UNIVERSITY/M2/WIP_Projects/VR_Project/VR_game
-logFile
Logs/AssetImportWorker0.log
-srvPort
51391
Successfully changed project path to: /Users/anna/Documents/UNIVERSITY/M2/WIP_Projects/VR_Project/VR_game
/Users/anna/Documents/UNIVERSITY/M2/WIP_Projects/VR_Project/VR_game
Using Asset Import Pipeline V2.
Refreshing native plugins compatible for Editor in 338.58 ms, found 4 plugins.
Preloading 1 native plugins for Editor in 20.64 ms.
Initialize engine version: 2020.3.22f1 (e1a7f79fd887)
[Subsystems] Discovering subsystems at path /Volumes/Anna Drive/Unity/2020.3.22f1/Unity.app/Contents/Resources/UnitySubsystems
[Subsystems] Discovering subsystems at path /Users/anna/Documents/UNIVERSITY/M2/WIP_Projects/VR_Project/VR_game/Assets
GfxDevice: creating device client; threaded=0
2021-12-11 16:01:52.299 Unity[9444:575464] Color LCD preferred device: Intel(R) Iris(TM) Plus Graphics 645 (low power)
2021-12-11 16:01:52.299 Unity[9444:575464] Metal devices available: 1
2021-12-11 16:01:52.299 Unity[9444:575464] 0: Intel(R) Iris(TM) Plus Graphics 645 (low power)
2021-12-11 16:01:52.299 Unity[9444:575464] Using device Intel(R) Iris(TM) Plus Graphics 645 (low power)
Initializing Metal device caps: Intel(R) Iris(TM) Plus Graphics 645
Initialize mono
Mono path[0] = '/Volumes/Anna Drive/Unity/2020.3.22f1/Unity.app/Contents/Managed'
Mono path[1] = '/Volumes/Anna Drive/Unity/2020.3.22f1/Unity.app/Contents/MonoBleedingEdge/lib/mono/unityjit'
Mono config path = '/Volumes/Anna Drive/Unity/2020.3.22f1/Unity.app/Contents/MonoBleedingEdge/etc'
Using monoOptions --debugger-agent=transport=dt_socket,embedding=1,server=y,suspend=n,address=127.0.0.1:56444
Begin MonoManager ReloadAssembly
Registering precompiled unity dll's ...
Register platform support module: /Volumes/Anna Drive/Unity/2020.3.22f1/Unity.app/Contents/PlaybackEngines/MacStandaloneSupport/UnityEditor.OSXStandalone.Extensions.dll
Registered in 0.005586 seconds.
Native extension for OSXStandalone target not found
Refreshing native plugins compatible for Editor in 91.58 ms, found 4 plugins.
Preloading 1 native plugins for Editor in 0.53 ms.
Mono: successfully reloaded assembly
- Completed reload, in  5.292 seconds
Domain Reload Profiling:
	ReloadAssembly (5292ms)
		BeginReloadAssembly (63ms)
			ExecutionOrderSort (0ms)
			DisableScriptedObjects (0ms)
			BackupInstance (0ms)
			ReleaseScriptingObjects (0ms)
			CreateAndSetChildDomain (1ms)
		EndReloadAssembly (686ms)
			LoadAssemblies (64ms)
			RebuildTransferFunctionScriptingTraits (0ms)
			SetupTypeCache (259ms)
			ReleaseScriptCaches (0ms)
			RebuildScriptCaches (47ms)
			SetupLoadedEditorAssemblies (273ms)
				LogAssemblyErrors (0ms)
				InitializePlatformSupportModulesInManaged (4ms)
				SetLoadedEditorAssemblies (0ms)
				RefreshPlugins (92ms)
				BeforeProcessingInitializeOnLoad (9ms)
				ProcessInitializeOnLoadAttributes (125ms)
				ProcessInitializeOnLoadMethodAttributes (41ms)
				AfterProcessingInitializeOnLoad (0ms)
				EditorAssembliesLoaded (0ms)
			ExecutionOrderSort2 (0ms)
			AwakeInstancesAfterBackupRestoration (0ms)
Platform modules already initialized, skipping
Registering precompiled user dll's ...
Registered in 0.088091 seconds.
Begin MonoManager ReloadAssembly
Native extension for OSXStandalone target not found
Refreshing native plugins compatible for Editor in 96.04 ms, found 4 plugins.
Preloading 1 native plugins for Editor in 0.42 ms.
Mono: successfully reloaded assembly
- Completed reload, in  1.930 seconds
Domain Reload Profiling:
	ReloadAssembly (1932ms)
		BeginReloadAssembly (184ms)
			ExecutionOrderSort (0ms)
			DisableScriptedObjects (6ms)
			BackupInstance (0ms)
			ReleaseScriptingObjects (0ms)
			CreateAndSetChildDomain (27ms)
		EndReloadAssembly (1659ms)
			LoadAssemblies (177ms)
			RebuildTransferFunctionScriptingTraits (0ms)
			SetupTypeCache (568ms)
			ReleaseScriptCaches (1ms)
			RebuildScriptCaches (90ms)
			SetupLoadedEditorAssemblies (652ms)
				LogAssemblyErrors (0ms)
				InitializePlatformSupportModulesInManaged (4ms)
				SetLoadedEditorAssemblies (0ms)
				RefreshPlugins (97ms)
				BeforeProcessingInitializeOnLoad (123ms)
				ProcessInitializeOnLoadAttributes (401ms)
				ProcessInitializeOnLoadMethodAttributes (25ms)
				AfterProcessingInitializeOnLoad (2ms)
				EditorAssembliesLoaded (0ms)
			ExecutionOrderSort2 (0ms)
			AwakeInstancesAfterBackupRestoration (8ms)
Platform modules already initialized, skipping
Validating Project structure ... 0.004903 seconds.
Shader import version has changed; will reimport all shaders...
Upgrading shader files ...0.006662 seconds.
Application.AssetDatabase Initial Script Refresh Start
RefreshInfo: InitialScriptRefreshV2(NoUpdateAssetOptions) scanfilter:  ... 1 filters
RefreshProfiler: Total: 0.000ms
Application.AssetDatabase Initial Script Refresh End
Application.AssetDatabase.Refresh Start
Application.AssetDatabase.Refresh End
RefreshInfo: StopAssetImportingV2(ForceSynchronousImport) scanfilter: 
RefreshProfiler: Total: 0.000ms
Launching external process: /Volumes/Anna Drive/Unity/2020.3.22f1/Unity.app/Contents/Tools/UnityShaderCompiler
Launched and connected shader compiler UnityShaderCompiler after 0.01 seconds
Initializing Unity extensions:
[C# Project] Writing /Users/anna/Documents/UNIVERSITY/M2/WIP_Projects/VR_Project/VR_game/VR_game.sln because it has changed
[C# Project] First difference on line 4

[C# Project] Current /Users/anna/Documents/UNIVERSITY/M2/WIP_Projects/VR_Project/VR_game/VR_game.sln:
[C# Project]   004: Project("{FAE04EC0-301F-11D3-BF4B-00C04F79EFBC}") = "Assembly-CSharp", "Assembly-CSharp.csproj", "{B3FA66EF-6A1D-E6BC-E0E6-2E3B4F712E39}"
[C# Project]   005: EndProject
[C# Project]   006: Project("{FAE04EC0-301F-11D3-BF4B-00C04F79EFBC}") = "Assembly-CSharp-Editor", "Assembly-CSharp-Editor.csproj", "{F5F1DF8D-4732-3DE7-9B07-E546985DF756}"
[C# Project]   007: EndProject
[C# Project]   008: Global

[C# Project] New /Users/anna/Documents/UNIVERSITY/M2/WIP_Projects/VR_Project/VR_game/VR_game.sln:
[C# Project]   004: Project("{FAE04EC0-301F-11D3-BF4B-00C04F79EFBC}") = "UnityEngine.UI", "UnityEngine.UI.csproj", "{9988EC47-D0EB-40E7-7AB6-FBBE3B6CB8FC}"
[C# Project]   005: EndProject
[C# Project]   006: Project("{FAE04EC0-301F-11D3-BF4B-00C04F79EFBC}") = "UnityEngine.SpatialTracking", "UnityEngine.SpatialTracking.csproj", "{A6B43627-531A-4ECB-107E-AB7EE32F60FE}"
[C# Project]   007: EndProject
[C# Project]   008: Project("{FAE04EC0-301F-11D3-BF4B-00C04F79EFBC}") = "Unity.RenderPipelines.Core.Runtime", "Unity.RenderPipelines.Core.Runtime.csproj", "{F5D9CD5D-0006-F4BB-C69B-7708DD785577}"
[C# Project] Writing /Users/anna/Documents/UNIVERSITY/M2/WIP_Projects/VR_Project/VR_game/Assembly-CSharp.csproj because it has changed
[C# Project] First difference on line 280

[C# Project] Current /Users/anna/Documents/UNIVERSITY/M2/WIP_Projects/VR_Project/VR_game/Assembly-CSharp.csproj:
[C# Project]   280:  <Reference Include="UnityEditor.iOS.Extensions.Xcode">
[C# Project]   281:  <HintPath>/Volumes/Anna Drive/Unity/2020.3.22f1/PlaybackEngines/iOSSupport/UnityEditor.iOS.Extensions.Xcode.dll</HintPath>
[C# Project]   282:  </Reference>
[C# Project]   283:  <Reference Include="UnityEditor.iOS.Extensions.Common">
[C# Project]   284:  <HintPath>/Volumes/Anna Drive/Unity/2020.3.22f1/PlaybackEngines/iOSSupport/UnityEditor.iOS.Extensions.Common.dll</HintPath>

[C# Project] New /Users/anna/Documents/UNIVERSITY/M2/WIP_Projects/VR_Project/VR_game/Assembly-CSharp.csproj:
[C# Project]   280:  <Reference Include="mscorlib">
[C# Project]   281:  <HintPath>/Volumes/Anna Drive/Unity/2020.3.22f1/Unity.app/Contents/MonoBleedingEdge/lib/mono/4.7.1-api/mscorlib.dll</HintPath>
[C# Project]   282:  </Reference>
[C# Project]   283:  <Reference Include="System">
[C# Project]   284:  <HintPath>/Volumes/Anna Drive/Unity/2020.3.22f1/Unity.app/Contents/MonoBleedingEdge/lib/mono/4.7.1-api/System.dll</HintPath>
[C# Project] Writing /Users/anna/Documents/UNIVERSITY/M2/WIP_Projects/VR_Project/VR_game/Assembly-CSharp-Editor.csproj because it has changed
[C# Project] First difference on line 279

[C# Project] Current /Users/anna/Documents/UNIVERSITY/M2/WIP_Projects/VR_Project/VR_game/Assembly-CSharp-Editor.csproj:
[C# Project]   279:  <Reference Include="UnityEditor.Android.Extensions">
[C# Project]   280:  <HintPath>/Volumes/Anna Drive/Unity/2020.3.22f1/PlaybackEngines/AndroidPlayer/UnityEditor.Android.Extensions.dll</HintPath>
[C# Project]   281:  </Reference>
[C# Project]   282:  <Reference Include="UnityEditor.iOS.Extensions">
[C# Project]   283:  <HintPath>/Volumes/Anna Drive/Unity/2020.3.22f1/PlaybackEngines/iOSSupport/UnityEditor.iOS.Extensions.dll</HintPath>

[C# Project] New /Users/anna/Documents/UNIVERSITY/M2/WIP_Projects/VR_Project/VR_game/Assembly-CSharp-Editor.csproj:
[C# Project]   279:  <Reference Include="log4netPlastic">
[C# Project]   280:  <HintPath>/Users/anna/Documents/UNIVERSITY/M2/WIP_Projects/VR_Project/VR_game/Library/PackageCache/com.unity.collab-proxy@1.15.1/Lib/Editor/PlasticSCM/log4netPlastic.dll</HintPath>
[C# Project]   281:  </Reference>
[C# Project]   282:  <Reference Include="Newtonsoft.Json">
[C# Project]   283:  <HintPath>/Users/anna/Documents/UNIVERSITY/M2/WIP_Projects/VR_Project/VR_game/Library/PackageCache/com.unity.nuget.newtonsoft-json@2.0.0/Runtime/Newtonsoft.Json.dll</HintPath>
2021-12-11 16:02:04.321 Unity[9444:575464] NSEventModifierFlagFunction specified to -setKeyEquivalentModifierMask: for item <NSMenuItem: 0x600002986c30 Font Asset, ke='Command-F12'>, but is only supported for system-provided menu items; will not be used
2021-12-11 16:02:04.327 Unity[9444:575464] NSEventModifierFlagFunction specified to -setKeyEquivalentModifierMask: for item <NSMenuItem: 0x60000297dce0 Font Asset, ke='Command-F12'>, but is only supported for system-provided menu items; will not be used
========================================================================
Worker process is ready to serve import requests
Refreshing native plugins compatible for Editor in 1.24 ms, found 4 plugins.
Preloading 1 native plugins for Editor in 0.42 ms.
Unloading 3827 Unused Serialized files (Serialized files now loaded: 0)
System memory in use before: 313.6 MB.
System memory in use after: 313.4 MB.

Unloading 194 unused Assets to reduce memory usage. Loaded Objects now: 4303.
Total: 7.507061 ms (FindLiveObjects: 0.447542 ms CreateObjectMapping: 0.249303 ms MarkObjects: 6.425497 ms  DeleteObjects: 0.383021 ms)

AssetImportParameters requested are different than current active one (requested -> active):
  custom:video-decoder-ogg-theora: a1e56fd34408186e4bbccfd4996cb3dc -> 
  custom:container-muxer-webm: aa71ff27fc2769a1b78a27578f13a17b -> 
  custom:container-demuxer-webm: 4f35f7cbe854078d1ac9338744f61a02 -> 
  custom:container-demuxer-ogg: 62fdf1f143b41e24485cea50d1cbac27 -> 
  custom:video-encoder-webm-vp8: eb34c28f22e8b96e1ab97ce403110664 -> 
  custom:framework-osx-AVFoundation: e770b220cccbd017edd2c1fefb359320 -> 
  custom:video-decoder-webm-vp8: 9c59270c3fd7afecdb556c50c9e8de78 -> 
  custom:audio-decoder-ogg-vorbis: bf7c407c2cedff20999df2af8eb42d56 -> 
  custom:audio-encoder-webm-vorbis: bf7c407c2cedff20999df2af8eb42d56 -> 
========================================================================
Received Import Request.
  path: Assets/Controller.prefab
  artifactKey: Guid(129c8f490a19a41ce8fa1ef6727765e8) Importer(815301076,1909f56bfc062723c751e8b465ee728b)
Start importing Assets/Controller.prefab using Guid(129c8f490a19a41ce8fa1ef6727765e8) Importer(815301076,1909f56bfc062723c751e8b465ee728b)  -> (artifact id: 'f3e6da2b17d78a6a5ea445ea4a6c8486') in 3.425193 seconds 
  Import took 3.439668 seconds .

========================================================================
Received Import Request.
  Time since last request: 1.952059 seconds.
  path: Assets/Models
  artifactKey: Guid(58e61a7da022b4b328a0959ddc3b4350) Importer(815301076,1909f56bfc062723c751e8b465ee728b)
Start importing Assets/Models using Guid(58e61a7da022b4b328a0959ddc3b4350) Importer(815301076,1909f56bfc062723c751e8b465ee728b)  -> (artifact id: 'f2af0759ab4351d55d7d8503926140ac') in 0.001502 seconds 
  Import took 0.026846 seconds .

========================================================================
Received Import Request.
  Time since last request: 0.086270 seconds.
  path: Assets/Models/Floor_Plan2.fbx
  artifactKey: Guid(6c1efee4cc515424194471af639e2d6c) Importer(815301076,1909f56bfc062723c751e8b465ee728b)
Start importing Assets/Models/Floor_Plan2.fbx using Guid(6c1efee4cc515424194471af639e2d6c) Importer(815301076,1909f56bfc062723c751e8b465ee728b)  -> (artifact id: '599e63e675a4e8bd686570943e1e0d5e') in 0.624092 seconds 
  Import took 0.633888 seconds .

